  Source.cpp
c:\users\human\desktop\practice\practice\source.cpp(357): warning C4305: =: усечение из "double" в "float"
c:\users\human\desktop\practice\practice\source.cpp(358): warning C4305: =: усечение из "double" в "float"
c:\users\human\desktop\practice\practice\source.cpp(359): warning C4305: =: усечение из "double" в "float"
c:\users\human\desktop\practice\practice\source.cpp(361): warning C4305: =: усечение из "double" в "float"
c:\users\human\desktop\practice\practice\source.cpp(363): warning C4305: =: усечение из "double" в "float"
c:\users\human\desktop\practice\practice\source.cpp(365): warning C4305: =: усечение из "double" в "float"
c:\users\human\desktop\practice\practice\source.cpp(366): warning C4305: =: усечение из "double" в "float"
c:\users\human\desktop\practice\practice\source.cpp(367): warning C4305: =: усечение из "double" в "float"
c:\users\human\desktop\practice\practice\source.cpp(412): warning C4838: преобразование из "int" в "uchar" требует сужающего преобразования
c:\users\human\desktop\practice\practice\source.cpp(418): warning C4018: <: несоответствие типов со знаком и без знака
c:\users\human\desktop\practice\practice\source.cpp(439): warning C4018: <: несоответствие типов со знаком и без знака
c:\users\human\desktop\practice\practice\source.cpp(448): warning C4838: преобразование из "int" в "uchar" требует сужающего преобразования
c:\users\human\desktop\practice\practice\source.cpp(449): warning C4018: <: несоответствие типов со знаком и без знака
c:\users\human\desktop\practice\practice\source.cpp(453): warning C4018: <: несоответствие типов со знаком и без знака
c:\users\human\desktop\practice\practice\source.cpp(542): warning C4267: инициализация: преобразование из "size_t" в "int"; возможна потеря данных
c:\users\human\desktop\practice\practice\source.cpp(558): warning C4267: инициализация: преобразование из "size_t" в "int"; возможна потеря данных
c:\users\human\desktop\practice\practice\source.cpp(558): warning C4267: =: преобразование из "size_t" в "int"; возможна потеря данных
c:\users\human\desktop\practice\practice\source.cpp(559): warning C4018: <: несоответствие типов со знаком и без знака
c:\users\human\desktop\practice\practice\source.cpp(670): warning C4267: =: преобразование из "size_t" в "LONG"; возможна потеря данных
c:\users\human\desktop\practice\practice\source.cpp(671): warning C4267: =: преобразование из "size_t" в "LONG"; возможна потеря данных
c:\users\human\desktop\practice\practice\source.cpp(679): warning C4018: <: несоответствие типов со знаком и без знака
c:\users\human\desktop\practice\practice\source.cpp(703): warning C4018: <: несоответствие типов со знаком и без знака
c:\users\human\desktop\practice\practice\source.cpp(722): warning C4267: =: преобразование из "size_t" в "LONG"; возможна потеря данных
c:\users\human\desktop\practice\practice\source.cpp(723): warning C4267: =: преобразование из "size_t" в "LONG"; возможна потеря данных
c:\users\human\desktop\practice\practice\source.cpp(731): warning C4018: <: несоответствие типов со знаком и без знака
c:\users\human\desktop\practice\practice\source.cpp(755): warning C4018: <: несоответствие типов со знаком и без знака
c:\users\human\desktop\practice\practice\source.cpp(934): warning C4267: инициализация: преобразование из "size_t" в "uint"; возможна потеря данных
c:\users\human\desktop\practice\practice\source.cpp(935): warning C4267: инициализация: преобразование из "size_t" в "uint"; возможна потеря данных
c:\users\human\desktop\practice\practice\source.cpp(1013): warning C4267: =: преобразование из "size_t" в "uint"; возможна потеря данных
c:\users\human\desktop\practice\practice\source.cpp(1014): warning C4267: инициализация: преобразование из "size_t" в "uint"; возможна потеря данных
c:\users\human\desktop\practice\practice\source.cpp(1050): warning C4018: <: несоответствие типов со знаком и без знака
c:\users\human\desktop\practice\practice\source.cpp(1052): warning C4018: <: несоответствие типов со знаком и без знака
c:\users\human\desktop\practice\practice\source.cpp(1055): warning C4018: <: несоответствие типов со знаком и без знака
c:\users\human\desktop\practice\practice\source.cpp(1562): warning C4244: return: преобразование "WPARAM" в "int", возможна потеря данных
c:\users\human\desktop\practice\practice\source.cpp(1580): warning C4267: =: преобразование из "size_t" в "int"; возможна потеря данных
c:\users\human\desktop\practice\practice\source.cpp(1704): warning C4244: =: преобразование "float" в "uchar", возможна потеря данных
c:\users\human\desktop\practice\practice\source.cpp(1705): warning C4244: =: преобразование "float" в "uchar", возможна потеря данных
c:\users\human\desktop\practice\practice\source.cpp(1706): warning C4244: =: преобразование "float" в "uchar", возможна потеря данных
c:\users\human\desktop\practice\practice\source.cpp(1933): warning C4267: /=: преобразование из "size_t" в "uchar"; возможна потеря данных
c:\users\human\desktop\practice\practice\source.cpp(1934): warning C4267: /=: преобразование из "size_t" в "uchar"; возможна потеря данных
c:\users\human\desktop\practice\practice\source.cpp(1935): warning C4267: /=: преобразование из "size_t" в "uchar"; возможна потеря данных
c:\users\human\desktop\practice\practice\source.cpp(1970): warning C4244: аргумент: преобразование "::size_t" в "float", возможна потеря данных
c:\users\human\desktop\practice\practice\source.cpp(1970): warning C4244: аргумент: преобразование "::size_t" в "double", возможна потеря данных
c:\users\human\desktop\practice\practice\source.cpp(1606): warning C4996: 'strcpy': This function or variable may be unsafe. Consider using strcpy_s instead. To disable deprecation, use _CRT_SECURE_NO_WARNINGS. See online help for details.
  c:\program files (x86)\windows kits\10\include\10.0.16299.0\ucrt\string.h(132): note:  см. объявление "strcpy"
c:\users\human\desktop\practice\practice\source.cpp(1613): warning C4996: 'strcat': This function or variable may be unsafe. Consider using strcat_s instead. To disable deprecation, use _CRT_SECURE_NO_WARNINGS. See online help for details.
  c:\program files (x86)\windows kits\10\include\10.0.16299.0\ucrt\string.h(89): note:  см. объявление "strcat"
c:\users\human\desktop\practice\practice\source.cpp(1614): warning C4996: 'strcat': This function or variable may be unsafe. Consider using strcat_s instead. To disable deprecation, use _CRT_SECURE_NO_WARNINGS. See online help for details.
  c:\program files (x86)\windows kits\10\include\10.0.16299.0\ucrt\string.h(89): note:  см. объявление "strcat"
c:\users\human\desktop\practice\practice\source.cpp(1969): warning C4996: 'sprintf': This function or variable may be unsafe. Consider using sprintf_s instead. To disable deprecation, use _CRT_SECURE_NO_WARNINGS. See online help for details.
  c:\program files (x86)\windows kits\10\include\10.0.16299.0\ucrt\stdio.h(1772): note:  см. объявление "sprintf"
LINK : warning LNK4075: не учитывается "/INCREMENTAL" из-за спецификации "/LTCG"
  LINK : указан параметр /LTCG, но не требуется создание кода; удалите /LTCG из командной строки компоновки для повышения производительности компоновщика
  Practice.vcxproj -> C:\Users\human\Desktop\Practice\x64\Debug\Practice.exe
