  Source.cpp
Source.cpp(234): warning C4244: аргумент: преобразование "std::size_t" в "float", возможна потеря данных
Source.cpp(234): warning C4244: аргумент: преобразование "std::size_t" в "double", возможна потеря данных
Source.cpp(233): warning C4996: 'sprintf': This function or variable may be unsafe. Consider using sprintf_s instead. To disable deprecation, use _CRT_SECURE_NO_WARNINGS. See online help for details.
  C:\Program Files (x86)\Windows Kits\10\Include\10.0.16299.0\ucrt\stdio.h(1772): note:  см. объявление "sprintf"
Source.cpp(310): warning C4305: =: усечение из "double" к "float"
Source.cpp(311): warning C4305: =: усечение из "double" к "float"
Source.cpp(312): warning C4305: =: усечение из "double" к "float"
Source.cpp(314): warning C4305: =: усечение из "double" к "float"
Source.cpp(316): warning C4305: =: усечение из "double" к "float"
Source.cpp(318): warning C4305: =: усечение из "double" к "float"
Source.cpp(319): warning C4305: =: усечение из "double" к "float"
Source.cpp(320): warning C4305: =: усечение из "double" к "float"
Source.cpp(365): warning C4838: преобразование из "int" в "uchar" требует сужающего преобразования
Source.cpp(371): warning C4018: <: несоответствие типов со знаком и без знака
Source.cpp(392): warning C4018: <: несоответствие типов со знаком и без знака
Source.cpp(401): warning C4838: преобразование из "int" в "uchar" требует сужающего преобразования
Source.cpp(402): warning C4018: <: несоответствие типов со знаком и без знака
Source.cpp(406): warning C4018: <: несоответствие типов со знаком и без знака
Source.cpp(495): warning C4267: инициализация: преобразование из "size_t" в "int"; возможна потеря данных
Source.cpp(511): warning C4267: инициализация: преобразование из "size_t" в "int"; возможна потеря данных
Source.cpp(511): warning C4267: =: преобразование из "size_t" в "int"; возможна потеря данных
Source.cpp(512): warning C4018: <: несоответствие типов со знаком и без знака
Source.cpp(752): warning C4267: инициализация: преобразование из "size_t" в "uint"; возможна потеря данных
Source.cpp(753): warning C4267: инициализация: преобразование из "size_t" в "uint"; возможна потеря данных
Source.cpp(902): warning C4244: return: преобразование "WPARAM" в "int", возможна потеря данных
Source.cpp(920): warning C4267: =: преобразование из "size_t" в "int"; возможна потеря данных
Source.cpp(946): warning C4996: 'strcpy': This function or variable may be unsafe. Consider using strcpy_s instead. To disable deprecation, use _CRT_SECURE_NO_WARNINGS. See online help for details.
  C:\Program Files (x86)\Windows Kits\10\Include\10.0.16299.0\ucrt\string.h(136): note:  см. объявление "strcpy"
Source.cpp(953): warning C4996: 'strcat': This function or variable may be unsafe. Consider using strcat_s instead. To disable deprecation, use _CRT_SECURE_NO_WARNINGS. See online help for details.
  C:\Program Files (x86)\Windows Kits\10\Include\10.0.16299.0\ucrt\string.h(93): note:  см. объявление "strcat"
Source.cpp(954): warning C4996: 'strcat': This function or variable may be unsafe. Consider using strcat_s instead. To disable deprecation, use _CRT_SECURE_NO_WARNINGS. See online help for details.
  C:\Program Files (x86)\Windows Kits\10\Include\10.0.16299.0\ucrt\string.h(93): note:  см. объявление "strcat"
Source.cpp(980): warning C4267: аргумент: преобразование из "size_t" в "int"; возможна потеря данных
  Создание кода
  60 of 1192 functions ( 5.0%) were compiled, the rest were copied from previous compilation.
    9 functions were new in current compilation
    26 functions had inline decision re-evaluated but remain unchanged
  Создание кода завершено
  Practice.vcxproj -> C:\Users\human\Desktop\Practice\x64\Release\Practice.exe
  Practice.vcxproj -> C:\Users\human\Desktop\Practice\x64\Release\Practice.pdb (Full PDB)
